2023-06-06 03:50:40	/Users/sheffie/GitHub/laptop-wiki/lib/plugins/newpagetemplate/action.php(66)	E_WARNING: Undefined array key "newpagetemplate"
  #0 /Users/sheffie/GitHub/laptop-wiki/lib/plugins/newpagetemplate/action.php(66): dokuwiki\ErrorHandler::errorHandler(2, 'Undefined array...', '/Users/sheffie/...', 66)
  #1 /Users/sheffie/GitHub/laptop-wiki/inc/Extension/EventHandler.php(80): action_plugin_newpagetemplate->pagefromtemplate(Object(dokuwiki\Extension\Event), Array)
  #2 /Users/sheffie/GitHub/laptop-wiki/inc/Extension/Event.php(74): dokuwiki\Extension\EventHandler->process_event(Object(dokuwiki\Extension\Event), 'BEFORE')
  #3 /Users/sheffie/GitHub/laptop-wiki/inc/common.php(1084): dokuwiki\Extension\Event->advise_before(true)
  #4 /Users/sheffie/GitHub/laptop-wiki/inc/Action/Edit.php(65): pageTemplate('wiki:repertoire...')
  #5 /Users/sheffie/GitHub/laptop-wiki/inc/ActionRouter.php(83): dokuwiki\Action\Edit->preProcess()
  #6 /Users/sheffie/GitHub/laptop-wiki/inc/ActionRouter.php(48): dokuwiki\ActionRouter->setupAction('edit')
  #7 /Users/sheffie/GitHub/laptop-wiki/inc/ActionRouter.php(60): dokuwiki\ActionRouter->__construct()
  #8 /Users/sheffie/GitHub/laptop-wiki/inc/actions.php(16): dokuwiki\ActionRouter::getInstance(true)
  #9 /Users/sheffie/GitHub/laptop-wiki/doku.php(126): act_dispatch()
  #10 {main}
2023-06-06 04:01:40	/Users/sheffie/GitHub/laptop-wiki/lib/plugins/newpagetemplate/action.php(80)	E_WARNING: Undefined array key 1
  #0 /Users/sheffie/GitHub/laptop-wiki/lib/plugins/newpagetemplate/action.php(80): dokuwiki\ErrorHandler::errorHandler(2, 'Undefined array...', '/Users/sheffie/...', 80)
  #1 /Users/sheffie/GitHub/laptop-wiki/inc/Extension/EventHandler.php(80): action_plugin_newpagetemplate->pagefromtemplate(Object(dokuwiki\Extension\Event), Array)
  #2 /Users/sheffie/GitHub/laptop-wiki/inc/Extension/Event.php(74): dokuwiki\Extension\EventHandler->process_event(Object(dokuwiki\Extension\Event), 'BEFORE')
  #3 /Users/sheffie/GitHub/laptop-wiki/inc/common.php(1084): dokuwiki\Extension\Event->advise_before(true)
  #4 /Users/sheffie/GitHub/laptop-wiki/inc/Action/Edit.php(65): pageTemplate('repertoire_page...')
  #5 /Users/sheffie/GitHub/laptop-wiki/inc/ActionRouter.php(83): dokuwiki\Action\Edit->preProcess()
  #6 /Users/sheffie/GitHub/laptop-wiki/inc/ActionRouter.php(48): dokuwiki\ActionRouter->setupAction('edit')
  #7 /Users/sheffie/GitHub/laptop-wiki/inc/ActionRouter.php(60): dokuwiki\ActionRouter->__construct()
  #8 /Users/sheffie/GitHub/laptop-wiki/inc/actions.php(16): dokuwiki\ActionRouter::getInstance(true)
  #9 /Users/sheffie/GitHub/laptop-wiki/doku.php(126): act_dispatch()
  #10 {main}
2023-06-06 04:01:53	/Users/sheffie/GitHub/laptop-wiki/lib/plugins/newpagetemplate/action.php(80)	E_WARNING: Undefined array key 1
  #0 /Users/sheffie/GitHub/laptop-wiki/lib/plugins/newpagetemplate/action.php(80): dokuwiki\ErrorHandler::errorHandler(2, 'Undefined array...', '/Users/sheffie/...', 80)
  #1 /Users/sheffie/GitHub/laptop-wiki/inc/Extension/EventHandler.php(80): action_plugin_newpagetemplate->pagefromtemplate(Object(dokuwiki\Extension\Event), Array)
  #2 /Users/sheffie/GitHub/laptop-wiki/inc/Extension/Event.php(74): dokuwiki\Extension\EventHandler->process_event(Object(dokuwiki\Extension\Event), 'BEFORE')
  #3 /Users/sheffie/GitHub/laptop-wiki/inc/common.php(1084): dokuwiki\Extension\Event->advise_before(true)
  #4 /Users/sheffie/GitHub/laptop-wiki/inc/Action/Edit.php(65): pageTemplate('repertoire_page...')
  #5 /Users/sheffie/GitHub/laptop-wiki/inc/ActionRouter.php(83): dokuwiki\Action\Edit->preProcess()
  #6 /Users/sheffie/GitHub/laptop-wiki/inc/ActionRouter.php(48): dokuwiki\ActionRouter->setupAction('edit')
  #7 /Users/sheffie/GitHub/laptop-wiki/inc/ActionRouter.php(60): dokuwiki\ActionRouter->__construct()
  #8 /Users/sheffie/GitHub/laptop-wiki/inc/actions.php(16): dokuwiki\ActionRouter::getInstance(true)
  #9 /Users/sheffie/GitHub/laptop-wiki/doku.php(126): act_dispatch()
  #10 {main}
2023-06-06 04:02:34	/Users/sheffie/GitHub/laptop-wiki/lib/plugins/newpagetemplate/action.php(80)	E_WARNING: Undefined array key 1
  #0 /Users/sheffie/GitHub/laptop-wiki/lib/plugins/newpagetemplate/action.php(80): dokuwiki\ErrorHandler::errorHandler(2, 'Undefined array...', '/Users/sheffie/...', 80)
  #1 /Users/sheffie/GitHub/laptop-wiki/inc/Extension/EventHandler.php(80): action_plugin_newpagetemplate->pagefromtemplate(Object(dokuwiki\Extension\Event), Array)
  #2 /Users/sheffie/GitHub/laptop-wiki/inc/Extension/Event.php(74): dokuwiki\Extension\EventHandler->process_event(Object(dokuwiki\Extension\Event), 'BEFORE')
  #3 /Users/sheffie/GitHub/laptop-wiki/inc/common.php(1084): dokuwiki\Extension\Event->advise_before(true)
  #4 /Users/sheffie/GitHub/laptop-wiki/inc/Action/Edit.php(65): pageTemplate('repertoire:repe...')
  #5 /Users/sheffie/GitHub/laptop-wiki/inc/ActionRouter.php(83): dokuwiki\Action\Edit->preProcess()
  #6 /Users/sheffie/GitHub/laptop-wiki/inc/ActionRouter.php(48): dokuwiki\ActionRouter->setupAction('edit')
  #7 /Users/sheffie/GitHub/laptop-wiki/inc/ActionRouter.php(60): dokuwiki\ActionRouter->__construct()
  #8 /Users/sheffie/GitHub/laptop-wiki/inc/actions.php(16): dokuwiki\ActionRouter::getInstance(true)
  #9 /Users/sheffie/GitHub/laptop-wiki/doku.php(126): act_dispatch()
  #10 {main}
2023-06-06 04:45:16	/Users/sheffie/GitHub/laptop-wiki/lib/plugins/newpagetemplate/action.php(80)	E_WARNING: Undefined array key 1
  #0 /Users/sheffie/GitHub/laptop-wiki/lib/plugins/newpagetemplate/action.php(80): dokuwiki\ErrorHandler::errorHandler(2, 'Undefined array...', '/Users/sheffie/...', 80)
  #1 /Users/sheffie/GitHub/laptop-wiki/inc/Extension/EventHandler.php(80): action_plugin_newpagetemplate->pagefromtemplate(Object(dokuwiki\Extension\Event), Array)
  #2 /Users/sheffie/GitHub/laptop-wiki/inc/Extension/Event.php(74): dokuwiki\Extension\EventHandler->process_event(Object(dokuwiki\Extension\Event), 'BEFORE')
  #3 /Users/sheffie/GitHub/laptop-wiki/inc/common.php(1084): dokuwiki\Extension\Event->advise_before(true)
  #4 /Users/sheffie/GitHub/laptop-wiki/inc/Action/Edit.php(65): pageTemplate('repertoire:repe...')
  #5 /Users/sheffie/GitHub/laptop-wiki/inc/ActionRouter.php(83): dokuwiki\Action\Edit->preProcess()
  #6 /Users/sheffie/GitHub/laptop-wiki/inc/ActionRouter.php(48): dokuwiki\ActionRouter->setupAction('edit')
  #7 /Users/sheffie/GitHub/laptop-wiki/inc/ActionRouter.php(60): dokuwiki\ActionRouter->__construct()
  #8 /Users/sheffie/GitHub/laptop-wiki/inc/actions.php(16): dokuwiki\ActionRouter::getInstance(true)
  #9 /Users/sheffie/GitHub/laptop-wiki/doku.php(126): act_dispatch()
  #10 {main}
2023-06-06 05:04:26	/Users/sheffie/GitHub/laptop-wiki/lib/plugins/newpagetemplate/admin.php(96)	E_WARNING: Undefined variable $ID
  #0 /Users/sheffie/GitHub/laptop-wiki/lib/plugins/newpagetemplate/admin.php(96): dokuwiki\ErrorHandler::errorHandler(2, 'Undefined varia...', '/Users/sheffie/...', 96)
  #1 /Users/sheffie/GitHub/laptop-wiki/inc/template.php(188): admin_plugin_newpagetemplate->html()
  #2 /Users/sheffie/GitHub/laptop-wiki/inc/Action/Admin.php(40): tpl_admin()
  #3 /Users/sheffie/GitHub/laptop-wiki/inc/template.php(100): dokuwiki\Action\Admin->tplContent()
  #4 [internal function]: tpl_content_core('admin')
  #5 /Users/sheffie/GitHub/laptop-wiki/inc/Extension/Event.php(133): call_user_func_array('tpl_content_cor...', Array)
  #6 /Users/sheffie/GitHub/laptop-wiki/inc/Extension/Event.php(199): dokuwiki\Extension\Event->trigger('tpl_content_cor...', true)
  #7 /Users/sheffie/GitHub/laptop-wiki/lib/tpl/bulma/tpl_functions.php(54): dokuwiki\Extension\Event::createAndTrigger('TPL_ACT_RENDER', 'admin', 'tpl_content_cor...')
  #8 /Users/sheffie/GitHub/laptop-wiki/lib/tpl/bulma/main.php(86): _tpl_content(false)
  #9 /Users/sheffie/GitHub/laptop-wiki/inc/actions.php(27): include('/Users/sheffie/...')
  #10 /Users/sheffie/GitHub/laptop-wiki/doku.php(126): act_dispatch()
  #11 {main}
2023-06-06 05:04:26	/Users/sheffie/GitHub/laptop-wiki/lib/plugins/newpagetemplate/admin.php(152)	E_WARNING: scandir(/Users/sheffie/GitHub/laptop-wiki/data/pages/pagetemplates): Failed to open directory: No such file or directory
  #0 [internal function]: dokuwiki\ErrorHandler::errorHandler(2, 'scandir(/Users/...', '/Users/sheffie/...', 152)
  #1 /Users/sheffie/GitHub/laptop-wiki/lib/plugins/newpagetemplate/admin.php(152): scandir('/Users/sheffie/...')
  #2 /Users/sheffie/GitHub/laptop-wiki/lib/plugins/newpagetemplate/admin.php(110): admin_plugin_newpagetemplate->templates()
  #3 /Users/sheffie/GitHub/laptop-wiki/inc/template.php(188): admin_plugin_newpagetemplate->html()
  #4 /Users/sheffie/GitHub/laptop-wiki/inc/Action/Admin.php(40): tpl_admin()
  #5 /Users/sheffie/GitHub/laptop-wiki/inc/template.php(100): dokuwiki\Action\Admin->tplContent()
  #6 [internal function]: tpl_content_core('admin')
  #7 /Users/sheffie/GitHub/laptop-wiki/inc/Extension/Event.php(133): call_user_func_array('tpl_content_cor...', Array)
  #8 /Users/sheffie/GitHub/laptop-wiki/inc/Extension/Event.php(199): dokuwiki\Extension\Event->trigger('tpl_content_cor...', true)
  #9 /Users/sheffie/GitHub/laptop-wiki/lib/tpl/bulma/tpl_functions.php(54): dokuwiki\Extension\Event::createAndTrigger('TPL_ACT_RENDER', 'admin', 'tpl_content_cor...')
  #10 /Users/sheffie/GitHub/laptop-wiki/lib/tpl/bulma/main.php(86): _tpl_content(false)
  #11 /Users/sheffie/GitHub/laptop-wiki/inc/actions.php(27): include('/Users/sheffie/...')
  #12 /Users/sheffie/GitHub/laptop-wiki/doku.php(126): act_dispatch()
  #13 {main}
2023-06-06 05:04:26	/Users/sheffie/GitHub/laptop-wiki/lib/plugins/newpagetemplate/admin.php(152)	E_WARNING: scandir(): (errno 2): No such file or directory
  #0 [internal function]: dokuwiki\ErrorHandler::errorHandler(2, 'scandir(): (err...', '/Users/sheffie/...', 152)
  #1 /Users/sheffie/GitHub/laptop-wiki/lib/plugins/newpagetemplate/admin.php(152): scandir('/Users/sheffie/...')
  #2 /Users/sheffie/GitHub/laptop-wiki/lib/plugins/newpagetemplate/admin.php(110): admin_plugin_newpagetemplate->templates()
  #3 /Users/sheffie/GitHub/laptop-wiki/inc/template.php(188): admin_plugin_newpagetemplate->html()
  #4 /Users/sheffie/GitHub/laptop-wiki/inc/Action/Admin.php(40): tpl_admin()
  #5 /Users/sheffie/GitHub/laptop-wiki/inc/template.php(100): dokuwiki\Action\Admin->tplContent()
  #6 [internal function]: tpl_content_core('admin')
  #7 /Users/sheffie/GitHub/laptop-wiki/inc/Extension/Event.php(133): call_user_func_array('tpl_content_cor...', Array)
  #8 /Users/sheffie/GitHub/laptop-wiki/inc/Extension/Event.php(199): dokuwiki\Extension\Event->trigger('tpl_content_cor...', true)
  #9 /Users/sheffie/GitHub/laptop-wiki/lib/tpl/bulma/tpl_functions.php(54): dokuwiki\Extension\Event::createAndTrigger('TPL_ACT_RENDER', 'admin', 'tpl_content_cor...')
  #10 /Users/sheffie/GitHub/laptop-wiki/lib/tpl/bulma/main.php(86): _tpl_content(false)
  #11 /Users/sheffie/GitHub/laptop-wiki/inc/actions.php(27): include('/Users/sheffie/...')
  #12 /Users/sheffie/GitHub/laptop-wiki/doku.php(126): act_dispatch()
  #13 {main}
2023-06-06 05:04:26	/Users/sheffie/GitHub/laptop-wiki/lib/plugins/newpagetemplate/admin.php(154)	E_WARNING: foreach() argument must be of type array|object, bool given
  #0 /Users/sheffie/GitHub/laptop-wiki/lib/plugins/newpagetemplate/admin.php(154): dokuwiki\ErrorHandler::errorHandler(2, 'foreach() argum...', '/Users/sheffie/...', 154)
  #1 /Users/sheffie/GitHub/laptop-wiki/lib/plugins/newpagetemplate/admin.php(110): admin_plugin_newpagetemplate->templates()
  #2 /Users/sheffie/GitHub/laptop-wiki/inc/template.php(188): admin_plugin_newpagetemplate->html()
  #3 /Users/sheffie/GitHub/laptop-wiki/inc/Action/Admin.php(40): tpl_admin()
  #4 /Users/sheffie/GitHub/laptop-wiki/inc/template.php(100): dokuwiki\Action\Admin->tplContent()
  #5 [internal function]: tpl_content_core('admin')
  #6 /Users/sheffie/GitHub/laptop-wiki/inc/Extension/Event.php(133): call_user_func_array('tpl_content_cor...', Array)
  #7 /Users/sheffie/GitHub/laptop-wiki/inc/Extension/Event.php(199): dokuwiki\Extension\Event->trigger('tpl_content_cor...', true)
  #8 /Users/sheffie/GitHub/laptop-wiki/lib/tpl/bulma/tpl_functions.php(54): dokuwiki\Extension\Event::createAndTrigger('TPL_ACT_RENDER', 'admin', 'tpl_content_cor...')
  #9 /Users/sheffie/GitHub/laptop-wiki/lib/tpl/bulma/main.php(86): _tpl_content(false)
  #10 /Users/sheffie/GitHub/laptop-wiki/inc/actions.php(27): include('/Users/sheffie/...')
  #11 /Users/sheffie/GitHub/laptop-wiki/doku.php(126): act_dispatch()
  #12 {main}
