2023-06-07 17:34:33	/Users/sheffie/GitHub/laptop-wiki/lib/plugins/newpagetemplate/action.php(66)	E_WARNING: Undefined array key "newpagetemplate"
  #0 /Users/sheffie/GitHub/laptop-wiki/lib/plugins/newpagetemplate/action.php(66): dokuwiki\ErrorHandler::errorHandler(2, 'Undefined array...', '/Users/sheffie/...', 66)
  #1 /Users/sheffie/GitHub/laptop-wiki/inc/Extension/EventHandler.php(80): action_plugin_newpagetemplate->pagefromtemplate(Object(dokuwiki\Extension\Event), Array)
  #2 /Users/sheffie/GitHub/laptop-wiki/inc/Extension/Event.php(74): dokuwiki\Extension\EventHandler->process_event(Object(dokuwiki\Extension\Event), 'BEFORE')
  #3 /Users/sheffie/GitHub/laptop-wiki/inc/common.php(1084): dokuwiki\Extension\Event->advise_before(true)
  #4 /Users/sheffie/GitHub/laptop-wiki/inc/Action/Edit.php(65): pageTemplate('todos')
  #5 /Users/sheffie/GitHub/laptop-wiki/inc/ActionRouter.php(83): dokuwiki\Action\Edit->preProcess()
  #6 /Users/sheffie/GitHub/laptop-wiki/inc/ActionRouter.php(48): dokuwiki\ActionRouter->setupAction('edit')
  #7 /Users/sheffie/GitHub/laptop-wiki/inc/ActionRouter.php(60): dokuwiki\ActionRouter->__construct()
  #8 /Users/sheffie/GitHub/laptop-wiki/inc/actions.php(16): dokuwiki\ActionRouter::getInstance(true)
  #9 /Users/sheffie/GitHub/laptop-wiki/doku.php(126): act_dispatch()
  #10 {main}
2023-06-07 17:35:45	/Users/sheffie/GitHub/laptop-wiki/lib/plugins/newpagetemplate/action.php(80)	E_WARNING: Undefined array key 1
  #0 /Users/sheffie/GitHub/laptop-wiki/lib/plugins/newpagetemplate/action.php(80): dokuwiki\ErrorHandler::errorHandler(2, 'Undefined array...', '/Users/sheffie/...', 80)
  #1 /Users/sheffie/GitHub/laptop-wiki/inc/Extension/EventHandler.php(80): action_plugin_newpagetemplate->pagefromtemplate(Object(dokuwiki\Extension\Event), Array)
  #2 /Users/sheffie/GitHub/laptop-wiki/inc/Extension/Event.php(74): dokuwiki\Extension\EventHandler->process_event(Object(dokuwiki\Extension\Event), 'BEFORE')
  #3 /Users/sheffie/GitHub/laptop-wiki/inc/common.php(1084): dokuwiki\Extension\Event->advise_before(true)
  #4 /Users/sheffie/GitHub/laptop-wiki/inc/Action/Edit.php(65): pageTemplate('repertoire:repe...')
  #5 /Users/sheffie/GitHub/laptop-wiki/inc/ActionRouter.php(83): dokuwiki\Action\Edit->preProcess()
  #6 /Users/sheffie/GitHub/laptop-wiki/inc/ActionRouter.php(48): dokuwiki\ActionRouter->setupAction('edit')
  #7 /Users/sheffie/GitHub/laptop-wiki/inc/ActionRouter.php(60): dokuwiki\ActionRouter->__construct()
  #8 /Users/sheffie/GitHub/laptop-wiki/inc/actions.php(16): dokuwiki\ActionRouter::getInstance(true)
  #9 /Users/sheffie/GitHub/laptop-wiki/doku.php(126): act_dispatch()
  #10 {main}
2023-06-07 18:40:48	/Users/sheffie/GitHub/laptop-wiki/lib/plugins/newpagetemplate/action.php(80)	E_WARNING: Undefined array key 1
  #0 /Users/sheffie/GitHub/laptop-wiki/lib/plugins/newpagetemplate/action.php(80): dokuwiki\ErrorHandler::errorHandler(2, 'Undefined array...', '/Users/sheffie/...', 80)
  #1 /Users/sheffie/GitHub/laptop-wiki/inc/Extension/EventHandler.php(80): action_plugin_newpagetemplate->pagefromtemplate(Object(dokuwiki\Extension\Event), Array)
  #2 /Users/sheffie/GitHub/laptop-wiki/inc/Extension/Event.php(74): dokuwiki\Extension\EventHandler->process_event(Object(dokuwiki\Extension\Event), 'BEFORE')
  #3 /Users/sheffie/GitHub/laptop-wiki/inc/common.php(1084): dokuwiki\Extension\Event->advise_before(true)
  #4 /Users/sheffie/GitHub/laptop-wiki/inc/Action/Edit.php(65): pageTemplate('repertoire:repe...')
  #5 /Users/sheffie/GitHub/laptop-wiki/inc/ActionRouter.php(83): dokuwiki\Action\Edit->preProcess()
  #6 /Users/sheffie/GitHub/laptop-wiki/inc/ActionRouter.php(48): dokuwiki\ActionRouter->setupAction('edit')
  #7 /Users/sheffie/GitHub/laptop-wiki/inc/ActionRouter.php(60): dokuwiki\ActionRouter->__construct()
  #8 /Users/sheffie/GitHub/laptop-wiki/inc/actions.php(16): dokuwiki\ActionRouter::getInstance(true)
  #9 /Users/sheffie/GitHub/laptop-wiki/doku.php(126): act_dispatch()
  #10 {main}
