2023-05-26 16:21:08	/Users/sheffie/Desktop/dokuwiki/lib/plugins/captcha/action.php(190)	E_WARNING: Undefined array key "REMOTE_USER"
  #0 /Users/sheffie/Desktop/dokuwiki/lib/plugins/captcha/action.php(190): dokuwiki\ErrorHandler::errorHandler(2, 'Undefined array...', '/Users/sheffie/...', 190)
  #1 /Users/sheffie/Desktop/dokuwiki/inc/Extension/EventHandler.php(80): action_plugin_captcha->handle_form_output(Object(dokuwiki\Extension\Event), Array)
  #2 /Users/sheffie/Desktop/dokuwiki/inc/Extension/Event.php(74): dokuwiki\Extension\EventHandler->process_event(Object(dokuwiki\Extension\Event), 'BEFORE')
  #3 /Users/sheffie/Desktop/dokuwiki/inc/Extension/Event.php(132): dokuwiki\Extension\Event->advise_before(false)
  #4 /Users/sheffie/Desktop/dokuwiki/inc/Extension/Event.php(199): dokuwiki\Extension\Event->trigger(NULL, false)
  #5 /Users/sheffie/Desktop/dokuwiki/inc/Form/Form.php(482): dokuwiki\Extension\Event::createAndTrigger('FORM_LOGIN_OUTP...', Object(dokuwiki\Form\Form), NULL, false)
  #6 /Users/sheffie/Desktop/dokuwiki/inc/Ui/Login.php(77): dokuwiki\Form\Form->toHTML('FORM_LOGIN_OUTP...')
  #7 /Users/sheffie/Desktop/dokuwiki/inc/Action/Login.php(37): dokuwiki\Ui\Login->show()
  #8 /Users/sheffie/Desktop/dokuwiki/inc/template.php(100): dokuwiki\Action\Login->tplContent()
  #9 [internal function]: tpl_content_core('login')
  #10 /Users/sheffie/Desktop/dokuwiki/inc/Extension/Event.php(133): call_user_func_array('tpl_content_cor...', Array)
  #11 /Users/sheffie/Desktop/dokuwiki/inc/Extension/Event.php(199): dokuwiki\Extension\Event->trigger('tpl_content_cor...', true)
  #12 /Users/sheffie/Desktop/dokuwiki/inc/template.php(85): dokuwiki\Extension\Event::createAndTrigger('TPL_ACT_RENDER', 'login', 'tpl_content_cor...')
  #13 /Users/sheffie/Desktop/dokuwiki/lib/tpl/dokuwiki/main.php(59): tpl_content()
  #14 /Users/sheffie/Desktop/dokuwiki/inc/actions.php(27): include('/Users/sheffie/...')
  #15 /Users/sheffie/Desktop/dokuwiki/doku.php(126): act_dispatch()
  #16 {main}
2023-05-26 16:23:33	/Users/sheffie/Desktop/dokuwiki/lib/plugins/tagsections/action/editbutton.php(55)	E_WARNING: Undefined variable $inited
  #0 /Users/sheffie/Desktop/dokuwiki/lib/plugins/tagsections/action/editbutton.php(55): dokuwiki\ErrorHandler::errorHandler(2, 'Undefined varia...', '/Users/sheffie/...', 55)
  #1 /Users/sheffie/Desktop/dokuwiki/lib/plugins/tagsections/action/editbutton.php(38): action_plugin_tagsections_editbutton->init()
  #2 /Users/sheffie/Desktop/dokuwiki/inc/Extension/EventHandler.php(80): action_plugin_tagsections_editbutton->handle_html_secedit_button(Object(dokuwiki\Extension\Event), NULL)
  #3 /Users/sheffie/Desktop/dokuwiki/inc/Extension/Event.php(96): dokuwiki\Extension\EventHandler->process_event(Object(dokuwiki\Extension\Event), 'AFTER')
  #4 /Users/sheffie/Desktop/dokuwiki/inc/Extension/Event.php(136): dokuwiki\Extension\Event->advise_after()
  #5 /Users/sheffie/Desktop/dokuwiki/inc/Extension/Event.php(199): dokuwiki\Extension\Event->trigger('html_secedit_ge...', true)
  #6 /Users/sheffie/Desktop/dokuwiki/inc/html.php(116): dokuwiki\Extension\Event::createAndTrigger('HTML_SECEDIT_BU...', Array, 'html_secedit_ge...')
  #7 [internal function]: html_secedit_button(Array)
  #8 /Users/sheffie/Desktop/dokuwiki/inc/html.php(93): preg_replace_callback('#<!-- EDIT({.*?...', 'html_secedit_bu...', '\n<h1 class="sec...')
  #9 /Users/sheffie/Desktop/dokuwiki/inc/Ui/PageView.php(69): html_secedit('\n<h1 class="sec...', true)
  #10 /Users/sheffie/Desktop/dokuwiki/inc/Action/Show.php(37): dokuwiki\Ui\PageView->show()
  #11 /Users/sheffie/Desktop/dokuwiki/inc/template.php(100): dokuwiki\Action\Show->tplContent()
  #12 [internal function]: tpl_content_core('show')
  #13 /Users/sheffie/Desktop/dokuwiki/inc/Extension/Event.php(133): call_user_func_array('tpl_content_cor...', Array)
  #14 /Users/sheffie/Desktop/dokuwiki/inc/Extension/Event.php(199): dokuwiki\Extension\Event->trigger('tpl_content_cor...', true)
  #15 /Users/sheffie/Desktop/dokuwiki/inc/template.php(85): dokuwiki\Extension\Event::createAndTrigger('TPL_ACT_RENDER', 'show', 'tpl_content_cor...')
  #16 /Users/sheffie/Desktop/dokuwiki/lib/tpl/dokuwiki/main.php(59): tpl_content()
  #17 /Users/sheffie/Desktop/dokuwiki/inc/actions.php(27): include('/Users/sheffie/...')
  #18 /Users/sheffie/Desktop/dokuwiki/doku.php(126): act_dispatch()
  #19 {main}
2023-05-26 16:23:33	/Users/sheffie/Desktop/dokuwiki/lib/plugins/tagsections/action/editbutton.php(55)	E_WARNING: Undefined variable $inited
  #0 /Users/sheffie/Desktop/dokuwiki/lib/plugins/tagsections/action/editbutton.php(55): dokuwiki\ErrorHandler::errorHandler(2, 'Undefined varia...', '/Users/sheffie/...', 55)
  #1 /Users/sheffie/Desktop/dokuwiki/lib/plugins/tagsections/action/editbutton.php(38): action_plugin_tagsections_editbutton->init()
  #2 /Users/sheffie/Desktop/dokuwiki/inc/Extension/EventHandler.php(80): action_plugin_tagsections_editbutton->handle_html_secedit_button(Object(dokuwiki\Extension\Event), NULL)
  #3 /Users/sheffie/Desktop/dokuwiki/inc/Extension/Event.php(96): dokuwiki\Extension\EventHandler->process_event(Object(dokuwiki\Extension\Event), 'AFTER')
  #4 /Users/sheffie/Desktop/dokuwiki/inc/Extension/Event.php(136): dokuwiki\Extension\Event->advise_after()
  #5 /Users/sheffie/Desktop/dokuwiki/inc/Extension/Event.php(199): dokuwiki\Extension\Event->trigger('html_secedit_ge...', true)
  #6 /Users/sheffie/Desktop/dokuwiki/inc/html.php(116): dokuwiki\Extension\Event::createAndTrigger('HTML_SECEDIT_BU...', Array, 'html_secedit_ge...')
  #7 [internal function]: html_secedit_button(Array)
  #8 /Users/sheffie/Desktop/dokuwiki/inc/html.php(93): preg_replace_callback('#<!-- EDIT({.*?...', 'html_secedit_bu...', '\n<h1 class="sec...')
  #9 /Users/sheffie/Desktop/dokuwiki/inc/Ui/PageView.php(69): html_secedit('\n<h1 class="sec...', true)
  #10 /Users/sheffie/Desktop/dokuwiki/inc/Action/Show.php(37): dokuwiki\Ui\PageView->show()
  #11 /Users/sheffie/Desktop/dokuwiki/inc/template.php(100): dokuwiki\Action\Show->tplContent()
  #12 [internal function]: tpl_content_core('show')
  #13 /Users/sheffie/Desktop/dokuwiki/inc/Extension/Event.php(133): call_user_func_array('tpl_content_cor...', Array)
  #14 /Users/sheffie/Desktop/dokuwiki/inc/Extension/Event.php(199): dokuwiki\Extension\Event->trigger('tpl_content_cor...', true)
  #15 /Users/sheffie/Desktop/dokuwiki/inc/template.php(85): dokuwiki\Extension\Event::createAndTrigger('TPL_ACT_RENDER', 'show', 'tpl_content_cor...')
  #16 /Users/sheffie/Desktop/dokuwiki/lib/tpl/dokuwiki/main.php(59): tpl_content()
  #17 /Users/sheffie/Desktop/dokuwiki/inc/actions.php(27): include('/Users/sheffie/...')
  #18 /Users/sheffie/Desktop/dokuwiki/doku.php(126): act_dispatch()
  #19 {main}
2023-05-26 16:23:33	/Users/sheffie/Desktop/dokuwiki/lib/plugins/tagsections/action/editbutton.php(55)	E_WARNING: Undefined variable $inited
  #0 /Users/sheffie/Desktop/dokuwiki/lib/plugins/tagsections/action/editbutton.php(55): dokuwiki\ErrorHandler::errorHandler(2, 'Undefined varia...', '/Users/sheffie/...', 55)
  #1 /Users/sheffie/Desktop/dokuwiki/lib/plugins/tagsections/action/editbutton.php(38): action_plugin_tagsections_editbutton->init()
  #2 /Users/sheffie/Desktop/dokuwiki/inc/Extension/EventHandler.php(80): action_plugin_tagsections_editbutton->handle_html_secedit_button(Object(dokuwiki\Extension\Event), NULL)
  #3 /Users/sheffie/Desktop/dokuwiki/inc/Extension/Event.php(96): dokuwiki\Extension\EventHandler->process_event(Object(dokuwiki\Extension\Event), 'AFTER')
  #4 /Users/sheffie/Desktop/dokuwiki/inc/Extension/Event.php(136): dokuwiki\Extension\Event->advise_after()
  #5 /Users/sheffie/Desktop/dokuwiki/inc/Extension/Event.php(199): dokuwiki\Extension\Event->trigger('html_secedit_ge...', true)
  #6 /Users/sheffie/Desktop/dokuwiki/inc/html.php(116): dokuwiki\Extension\Event::createAndTrigger('HTML_SECEDIT_BU...', Array, 'html_secedit_ge...')
  #7 [internal function]: html_secedit_button(Array)
  #8 /Users/sheffie/Desktop/dokuwiki/inc/html.php(93): preg_replace_callback('#<!-- EDIT({.*?...', 'html_secedit_bu...', '\n<h1 class="sec...')
  #9 /Users/sheffie/Desktop/dokuwiki/inc/Ui/PageView.php(69): html_secedit('\n<h1 class="sec...', true)
  #10 /Users/sheffie/Desktop/dokuwiki/inc/Action/Show.php(37): dokuwiki\Ui\PageView->show()
  #11 /Users/sheffie/Desktop/dokuwiki/inc/template.php(100): dokuwiki\Action\Show->tplContent()
  #12 [internal function]: tpl_content_core('show')
  #13 /Users/sheffie/Desktop/dokuwiki/inc/Extension/Event.php(133): call_user_func_array('tpl_content_cor...', Array)
  #14 /Users/sheffie/Desktop/dokuwiki/inc/Extension/Event.php(199): dokuwiki\Extension\Event->trigger('tpl_content_cor...', true)
  #15 /Users/sheffie/Desktop/dokuwiki/inc/template.php(85): dokuwiki\Extension\Event::createAndTrigger('TPL_ACT_RENDER', 'show', 'tpl_content_cor...')
  #16 /Users/sheffie/Desktop/dokuwiki/lib/tpl/dokuwiki/main.php(59): tpl_content()
  #17 /Users/sheffie/Desktop/dokuwiki/inc/actions.php(27): include('/Users/sheffie/...')
  #18 /Users/sheffie/Desktop/dokuwiki/doku.php(126): act_dispatch()
  #19 {main}
2023-05-26 16:23:33	/Users/sheffie/Desktop/dokuwiki/lib/plugins/tagsections/action/editbutton.php(55)	E_WARNING: Undefined variable $inited
  #0 /Users/sheffie/Desktop/dokuwiki/lib/plugins/tagsections/action/editbutton.php(55): dokuwiki\ErrorHandler::errorHandler(2, 'Undefined varia...', '/Users/sheffie/...', 55)
  #1 /Users/sheffie/Desktop/dokuwiki/lib/plugins/tagsections/action/editbutton.php(38): action_plugin_tagsections_editbutton->init()
  #2 /Users/sheffie/Desktop/dokuwiki/inc/Extension/EventHandler.php(80): action_plugin_tagsections_editbutton->handle_html_secedit_button(Object(dokuwiki\Extension\Event), NULL)
  #3 /Users/sheffie/Desktop/dokuwiki/inc/Extension/Event.php(96): dokuwiki\Extension\EventHandler->process_event(Object(dokuwiki\Extension\Event), 'AFTER')
  #4 /Users/sheffie/Desktop/dokuwiki/inc/Extension/Event.php(136): dokuwiki\Extension\Event->advise_after()
  #5 /Users/sheffie/Desktop/dokuwiki/inc/Extension/Event.php(199): dokuwiki\Extension\Event->trigger('html_secedit_ge...', true)
  #6 /Users/sheffie/Desktop/dokuwiki/inc/html.php(116): dokuwiki\Extension\Event::createAndTrigger('HTML_SECEDIT_BU...', Array, 'html_secedit_ge...')
  #7 [internal function]: html_secedit_button(Array)
  #8 /Users/sheffie/Desktop/dokuwiki/inc/html.php(93): preg_replace_callback('#<!-- EDIT({.*?...', 'html_secedit_bu...', '\n<h1 class="sec...')
  #9 /Users/sheffie/Desktop/dokuwiki/inc/Ui/PageView.php(69): html_secedit('\n<h1 class="sec...', true)
  #10 /Users/sheffie/Desktop/dokuwiki/inc/Action/Show.php(37): dokuwiki\Ui\PageView->show()
  #11 /Users/sheffie/Desktop/dokuwiki/inc/template.php(100): dokuwiki\Action\Show->tplContent()
  #12 [internal function]: tpl_content_core('show')
  #13 /Users/sheffie/Desktop/dokuwiki/inc/Extension/Event.php(133): call_user_func_array('tpl_content_cor...', Array)
  #14 /Users/sheffie/Desktop/dokuwiki/inc/Extension/Event.php(199): dokuwiki\Extension\Event->trigger('tpl_content_cor...', true)
  #15 /Users/sheffie/Desktop/dokuwiki/inc/template.php(85): dokuwiki\Extension\Event::createAndTrigger('TPL_ACT_RENDER', 'show', 'tpl_content_cor...')
  #16 /Users/sheffie/Desktop/dokuwiki/lib/tpl/dokuwiki/main.php(59): tpl_content()
  #17 /Users/sheffie/Desktop/dokuwiki/inc/actions.php(27): include('/Users/sheffie/...')
  #18 /Users/sheffie/Desktop/dokuwiki/doku.php(126): act_dispatch()
  #19 {main}
2023-05-26 16:23:37	/Users/sheffie/Desktop/dokuwiki/lib/plugins/tagsections/action/editbutton.php(55)	E_WARNING: Undefined variable $inited
  #0 /Users/sheffie/Desktop/dokuwiki/lib/plugins/tagsections/action/editbutton.php(55): dokuwiki\ErrorHandler::errorHandler(2, 'Undefined varia...', '/Users/sheffie/...', 55)
  #1 /Users/sheffie/Desktop/dokuwiki/lib/plugins/tagsections/action/editbutton.php(38): action_plugin_tagsections_editbutton->init()
  #2 /Users/sheffie/Desktop/dokuwiki/inc/Extension/EventHandler.php(80): action_plugin_tagsections_editbutton->handle_html_secedit_button(Object(dokuwiki\Extension\Event), NULL)
  #3 /Users/sheffie/Desktop/dokuwiki/inc/Extension/Event.php(96): dokuwiki\Extension\EventHandler->process_event(Object(dokuwiki\Extension\Event), 'AFTER')
  #4 /Users/sheffie/Desktop/dokuwiki/inc/Extension/Event.php(136): dokuwiki\Extension\Event->advise_after()
  #5 /Users/sheffie/Desktop/dokuwiki/inc/Extension/Event.php(199): dokuwiki\Extension\Event->trigger('html_secedit_ge...', true)
  #6 /Users/sheffie/Desktop/dokuwiki/inc/html.php(116): dokuwiki\Extension\Event::createAndTrigger('HTML_SECEDIT_BU...', Array, 'html_secedit_ge...')
  #7 [internal function]: html_secedit_button(Array)
  #8 /Users/sheffie/Desktop/dokuwiki/inc/html.php(93): preg_replace_callback('#<!-- EDIT({.*?...', 'html_secedit_bu...', '\n<h1 class="sec...')
  #9 /Users/sheffie/Desktop/dokuwiki/inc/Ui/PageView.php(69): html_secedit('\n<h1 class="sec...', true)
  #10 /Users/sheffie/Desktop/dokuwiki/inc/Action/Show.php(37): dokuwiki\Ui\PageView->show()
  #11 /Users/sheffie/Desktop/dokuwiki/inc/template.php(100): dokuwiki\Action\Show->tplContent()
  #12 [internal function]: tpl_content_core('show')
  #13 /Users/sheffie/Desktop/dokuwiki/inc/Extension/Event.php(133): call_user_func_array('tpl_content_cor...', Array)
  #14 /Users/sheffie/Desktop/dokuwiki/inc/Extension/Event.php(199): dokuwiki\Extension\Event->trigger('tpl_content_cor...', true)
  #15 /Users/sheffie/Desktop/dokuwiki/inc/template.php(85): dokuwiki\Extension\Event::createAndTrigger('TPL_ACT_RENDER', 'show', 'tpl_content_cor...')
  #16 /Users/sheffie/Desktop/dokuwiki/lib/tpl/dokuwiki/main.php(59): tpl_content()
  #17 /Users/sheffie/Desktop/dokuwiki/inc/actions.php(27): include('/Users/sheffie/...')
  #18 /Users/sheffie/Desktop/dokuwiki/doku.php(126): act_dispatch()
  #19 {main}
2023-05-26 16:23:37	/Users/sheffie/Desktop/dokuwiki/lib/plugins/tagsections/action/editbutton.php(55)	E_WARNING: Undefined variable $inited
  #0 /Users/sheffie/Desktop/dokuwiki/lib/plugins/tagsections/action/editbutton.php(55): dokuwiki\ErrorHandler::errorHandler(2, 'Undefined varia...', '/Users/sheffie/...', 55)
  #1 /Users/sheffie/Desktop/dokuwiki/lib/plugins/tagsections/action/editbutton.php(38): action_plugin_tagsections_editbutton->init()
  #2 /Users/sheffie/Desktop/dokuwiki/inc/Extension/EventHandler.php(80): action_plugin_tagsections_editbutton->handle_html_secedit_button(Object(dokuwiki\Extension\Event), NULL)
  #3 /Users/sheffie/Desktop/dokuwiki/inc/Extension/Event.php(96): dokuwiki\Extension\EventHandler->process_event(Object(dokuwiki\Extension\Event), 'AFTER')
  #4 /Users/sheffie/Desktop/dokuwiki/inc/Extension/Event.php(136): dokuwiki\Extension\Event->advise_after()
  #5 /Users/sheffie/Desktop/dokuwiki/inc/Extension/Event.php(199): dokuwiki\Extension\Event->trigger('html_secedit_ge...', true)
  #6 /Users/sheffie/Desktop/dokuwiki/inc/html.php(116): dokuwiki\Extension\Event::createAndTrigger('HTML_SECEDIT_BU...', Array, 'html_secedit_ge...')
  #7 [internal function]: html_secedit_button(Array)
  #8 /Users/sheffie/Desktop/dokuwiki/inc/html.php(93): preg_replace_callback('#<!-- EDIT({.*?...', 'html_secedit_bu...', '\n<h1 class="sec...')
  #9 /Users/sheffie/Desktop/dokuwiki/inc/Ui/PageView.php(69): html_secedit('\n<h1 class="sec...', true)
  #10 /Users/sheffie/Desktop/dokuwiki/inc/Action/Show.php(37): dokuwiki\Ui\PageView->show()
  #11 /Users/sheffie/Desktop/dokuwiki/inc/template.php(100): dokuwiki\Action\Show->tplContent()
  #12 [internal function]: tpl_content_core('show')
  #13 /Users/sheffie/Desktop/dokuwiki/inc/Extension/Event.php(133): call_user_func_array('tpl_content_cor...', Array)
  #14 /Users/sheffie/Desktop/dokuwiki/inc/Extension/Event.php(199): dokuwiki\Extension\Event->trigger('tpl_content_cor...', true)
  #15 /Users/sheffie/Desktop/dokuwiki/inc/template.php(85): dokuwiki\Extension\Event::createAndTrigger('TPL_ACT_RENDER', 'show', 'tpl_content_cor...')
  #16 /Users/sheffie/Desktop/dokuwiki/lib/tpl/dokuwiki/main.php(59): tpl_content()
  #17 /Users/sheffie/Desktop/dokuwiki/inc/actions.php(27): include('/Users/sheffie/...')
  #18 /Users/sheffie/Desktop/dokuwiki/doku.php(126): act_dispatch()
  #19 {main}
2023-05-26 16:23:37	/Users/sheffie/Desktop/dokuwiki/lib/plugins/tagsections/action/editbutton.php(55)	E_WARNING: Undefined variable $inited
  #0 /Users/sheffie/Desktop/dokuwiki/lib/plugins/tagsections/action/editbutton.php(55): dokuwiki\ErrorHandler::errorHandler(2, 'Undefined varia...', '/Users/sheffie/...', 55)
  #1 /Users/sheffie/Desktop/dokuwiki/lib/plugins/tagsections/action/editbutton.php(38): action_plugin_tagsections_editbutton->init()
  #2 /Users/sheffie/Desktop/dokuwiki/inc/Extension/EventHandler.php(80): action_plugin_tagsections_editbutton->handle_html_secedit_button(Object(dokuwiki\Extension\Event), NULL)
  #3 /Users/sheffie/Desktop/dokuwiki/inc/Extension/Event.php(96): dokuwiki\Extension\EventHandler->process_event(Object(dokuwiki\Extension\Event), 'AFTER')
  #4 /Users/sheffie/Desktop/dokuwiki/inc/Extension/Event.php(136): dokuwiki\Extension\Event->advise_after()
  #5 /Users/sheffie/Desktop/dokuwiki/inc/Extension/Event.php(199): dokuwiki\Extension\Event->trigger('html_secedit_ge...', true)
  #6 /Users/sheffie/Desktop/dokuwiki/inc/html.php(116): dokuwiki\Extension\Event::createAndTrigger('HTML_SECEDIT_BU...', Array, 'html_secedit_ge...')
  #7 [internal function]: html_secedit_button(Array)
  #8 /Users/sheffie/Desktop/dokuwiki/inc/html.php(93): preg_replace_callback('#<!-- EDIT({.*?...', 'html_secedit_bu...', '\n<h1 class="sec...')
  #9 /Users/sheffie/Desktop/dokuwiki/inc/Ui/PageView.php(69): html_secedit('\n<h1 class="sec...', true)
  #10 /Users/sheffie/Desktop/dokuwiki/inc/Action/Show.php(37): dokuwiki\Ui\PageView->show()
  #11 /Users/sheffie/Desktop/dokuwiki/inc/template.php(100): dokuwiki\Action\Show->tplContent()
  #12 [internal function]: tpl_content_core('show')
  #13 /Users/sheffie/Desktop/dokuwiki/inc/Extension/Event.php(133): call_user_func_array('tpl_content_cor...', Array)
  #14 /Users/sheffie/Desktop/dokuwiki/inc/Extension/Event.php(199): dokuwiki\Extension\Event->trigger('tpl_content_cor...', true)
  #15 /Users/sheffie/Desktop/dokuwiki/inc/template.php(85): dokuwiki\Extension\Event::createAndTrigger('TPL_ACT_RENDER', 'show', 'tpl_content_cor...')
  #16 /Users/sheffie/Desktop/dokuwiki/lib/tpl/dokuwiki/main.php(59): tpl_content()
  #17 /Users/sheffie/Desktop/dokuwiki/inc/actions.php(27): include('/Users/sheffie/...')
  #18 /Users/sheffie/Desktop/dokuwiki/doku.php(126): act_dispatch()
  #19 {main}
2023-05-26 16:23:37	/Users/sheffie/Desktop/dokuwiki/lib/plugins/tagsections/action/editbutton.php(55)	E_WARNING: Undefined variable $inited
  #0 /Users/sheffie/Desktop/dokuwiki/lib/plugins/tagsections/action/editbutton.php(55): dokuwiki\ErrorHandler::errorHandler(2, 'Undefined varia...', '/Users/sheffie/...', 55)
  #1 /Users/sheffie/Desktop/dokuwiki/lib/plugins/tagsections/action/editbutton.php(38): action_plugin_tagsections_editbutton->init()
  #2 /Users/sheffie/Desktop/dokuwiki/inc/Extension/EventHandler.php(80): action_plugin_tagsections_editbutton->handle_html_secedit_button(Object(dokuwiki\Extension\Event), NULL)
  #3 /Users/sheffie/Desktop/dokuwiki/inc/Extension/Event.php(96): dokuwiki\Extension\EventHandler->process_event(Object(dokuwiki\Extension\Event), 'AFTER')
  #4 /Users/sheffie/Desktop/dokuwiki/inc/Extension/Event.php(136): dokuwiki\Extension\Event->advise_after()
  #5 /Users/sheffie/Desktop/dokuwiki/inc/Extension/Event.php(199): dokuwiki\Extension\Event->trigger('html_secedit_ge...', true)
  #6 /Users/sheffie/Desktop/dokuwiki/inc/html.php(116): dokuwiki\Extension\Event::createAndTrigger('HTML_SECEDIT_BU...', Array, 'html_secedit_ge...')
  #7 [internal function]: html_secedit_button(Array)
  #8 /Users/sheffie/Desktop/dokuwiki/inc/html.php(93): preg_replace_callback('#<!-- EDIT({.*?...', 'html_secedit_bu...', '\n<h1 class="sec...')
  #9 /Users/sheffie/Desktop/dokuwiki/inc/Ui/PageView.php(69): html_secedit('\n<h1 class="sec...', true)
  #10 /Users/sheffie/Desktop/dokuwiki/inc/Action/Show.php(37): dokuwiki\Ui\PageView->show()
  #11 /Users/sheffie/Desktop/dokuwiki/inc/template.php(100): dokuwiki\Action\Show->tplContent()
  #12 [internal function]: tpl_content_core('show')
  #13 /Users/sheffie/Desktop/dokuwiki/inc/Extension/Event.php(133): call_user_func_array('tpl_content_cor...', Array)
  #14 /Users/sheffie/Desktop/dokuwiki/inc/Extension/Event.php(199): dokuwiki\Extension\Event->trigger('tpl_content_cor...', true)
  #15 /Users/sheffie/Desktop/dokuwiki/inc/template.php(85): dokuwiki\Extension\Event::createAndTrigger('TPL_ACT_RENDER', 'show', 'tpl_content_cor...')
  #16 /Users/sheffie/Desktop/dokuwiki/lib/tpl/dokuwiki/main.php(59): tpl_content()
  #17 /Users/sheffie/Desktop/dokuwiki/inc/actions.php(27): include('/Users/sheffie/...')
  #18 /Users/sheffie/Desktop/dokuwiki/doku.php(126): act_dispatch()
  #19 {main}
2023-05-26 16:23:38	/Users/sheffie/Desktop/dokuwiki/lib/plugins/tagsections/action/editbutton.php(55)	E_WARNING: Undefined variable $inited
  #0 /Users/sheffie/Desktop/dokuwiki/lib/plugins/tagsections/action/editbutton.php(55): dokuwiki\ErrorHandler::errorHandler(2, 'Undefined varia...', '/Users/sheffie/...', 55)
  #1 /Users/sheffie/Desktop/dokuwiki/lib/plugins/tagsections/action/editbutton.php(38): action_plugin_tagsections_editbutton->init()
  #2 /Users/sheffie/Desktop/dokuwiki/inc/Extension/EventHandler.php(80): action_plugin_tagsections_editbutton->handle_html_secedit_button(Object(dokuwiki\Extension\Event), NULL)
  #3 /Users/sheffie/Desktop/dokuwiki/inc/Extension/Event.php(96): dokuwiki\Extension\EventHandler->process_event(Object(dokuwiki\Extension\Event), 'AFTER')
  #4 /Users/sheffie/Desktop/dokuwiki/inc/Extension/Event.php(136): dokuwiki\Extension\Event->advise_after()
  #5 /Users/sheffie/Desktop/dokuwiki/inc/Extension/Event.php(199): dokuwiki\Extension\Event->trigger('html_secedit_ge...', true)
  #6 /Users/sheffie/Desktop/dokuwiki/inc/html.php(116): dokuwiki\Extension\Event::createAndTrigger('HTML_SECEDIT_BU...', Array, 'html_secedit_ge...')
  #7 [internal function]: html_secedit_button(Array)
  #8 /Users/sheffie/Desktop/dokuwiki/inc/html.php(93): preg_replace_callback('#<!-- EDIT({.*?...', 'html_secedit_bu...', '\n<h1 class="sec...')
  #9 /Users/sheffie/Desktop/dokuwiki/inc/Ui/PageView.php(69): html_secedit('\n<h1 class="sec...', true)
  #10 /Users/sheffie/Desktop/dokuwiki/inc/Action/Show.php(37): dokuwiki\Ui\PageView->show()
  #11 /Users/sheffie/Desktop/dokuwiki/inc/template.php(100): dokuwiki\Action\Show->tplContent()
  #12 [internal function]: tpl_content_core('show')
  #13 /Users/sheffie/Desktop/dokuwiki/inc/Extension/Event.php(133): call_user_func_array('tpl_content_cor...', Array)
  #14 /Users/sheffie/Desktop/dokuwiki/inc/Extension/Event.php(199): dokuwiki\Extension\Event->trigger('tpl_content_cor...', true)
  #15 /Users/sheffie/Desktop/dokuwiki/inc/template.php(85): dokuwiki\Extension\Event::createAndTrigger('TPL_ACT_RENDER', 'show', 'tpl_content_cor...')
  #16 /Users/sheffie/Desktop/dokuwiki/lib/tpl/dokuwiki/main.php(59): tpl_content()
  #17 /Users/sheffie/Desktop/dokuwiki/inc/actions.php(27): include('/Users/sheffie/...')
  #18 /Users/sheffie/Desktop/dokuwiki/doku.php(126): act_dispatch()
  #19 {main}
2023-05-26 16:23:38	/Users/sheffie/Desktop/dokuwiki/lib/plugins/tagsections/action/editbutton.php(55)	E_WARNING: Undefined variable $inited
  #0 /Users/sheffie/Desktop/dokuwiki/lib/plugins/tagsections/action/editbutton.php(55): dokuwiki\ErrorHandler::errorHandler(2, 'Undefined varia...', '/Users/sheffie/...', 55)
  #1 /Users/sheffie/Desktop/dokuwiki/lib/plugins/tagsections/action/editbutton.php(38): action_plugin_tagsections_editbutton->init()
  #2 /Users/sheffie/Desktop/dokuwiki/inc/Extension/EventHandler.php(80): action_plugin_tagsections_editbutton->handle_html_secedit_button(Object(dokuwiki\Extension\Event), NULL)
  #3 /Users/sheffie/Desktop/dokuwiki/inc/Extension/Event.php(96): dokuwiki\Extension\EventHandler->process_event(Object(dokuwiki\Extension\Event), 'AFTER')
  #4 /Users/sheffie/Desktop/dokuwiki/inc/Extension/Event.php(136): dokuwiki\Extension\Event->advise_after()
  #5 /Users/sheffie/Desktop/dokuwiki/inc/Extension/Event.php(199): dokuwiki\Extension\Event->trigger('html_secedit_ge...', true)
  #6 /Users/sheffie/Desktop/dokuwiki/inc/html.php(116): dokuwiki\Extension\Event::createAndTrigger('HTML_SECEDIT_BU...', Array, 'html_secedit_ge...')
  #7 [internal function]: html_secedit_button(Array)
  #8 /Users/sheffie/Desktop/dokuwiki/inc/html.php(93): preg_replace_callback('#<!-- EDIT({.*?...', 'html_secedit_bu...', '\n<h1 class="sec...')
  #9 /Users/sheffie/Desktop/dokuwiki/inc/Ui/PageView.php(69): html_secedit('\n<h1 class="sec...', true)
  #10 /Users/sheffie/Desktop/dokuwiki/inc/Action/Show.php(37): dokuwiki\Ui\PageView->show()
  #11 /Users/sheffie/Desktop/dokuwiki/inc/template.php(100): dokuwiki\Action\Show->tplContent()
  #12 [internal function]: tpl_content_core('show')
  #13 /Users/sheffie/Desktop/dokuwiki/inc/Extension/Event.php(133): call_user_func_array('tpl_content_cor...', Array)
  #14 /Users/sheffie/Desktop/dokuwiki/inc/Extension/Event.php(199): dokuwiki\Extension\Event->trigger('tpl_content_cor...', true)
  #15 /Users/sheffie/Desktop/dokuwiki/inc/template.php(85): dokuwiki\Extension\Event::createAndTrigger('TPL_ACT_RENDER', 'show', 'tpl_content_cor...')
  #16 /Users/sheffie/Desktop/dokuwiki/lib/tpl/dokuwiki/main.php(59): tpl_content()
  #17 /Users/sheffie/Desktop/dokuwiki/inc/actions.php(27): include('/Users/sheffie/...')
  #18 /Users/sheffie/Desktop/dokuwiki/doku.php(126): act_dispatch()
  #19 {main}
2023-05-26 16:23:38	/Users/sheffie/Desktop/dokuwiki/lib/plugins/tagsections/action/editbutton.php(55)	E_WARNING: Undefined variable $inited
  #0 /Users/sheffie/Desktop/dokuwiki/lib/plugins/tagsections/action/editbutton.php(55): dokuwiki\ErrorHandler::errorHandler(2, 'Undefined varia...', '/Users/sheffie/...', 55)
  #1 /Users/sheffie/Desktop/dokuwiki/lib/plugins/tagsections/action/editbutton.php(38): action_plugin_tagsections_editbutton->init()
  #2 /Users/sheffie/Desktop/dokuwiki/inc/Extension/EventHandler.php(80): action_plugin_tagsections_editbutton->handle_html_secedit_button(Object(dokuwiki\Extension\Event), NULL)
  #3 /Users/sheffie/Desktop/dokuwiki/inc/Extension/Event.php(96): dokuwiki\Extension\EventHandler->process_event(Object(dokuwiki\Extension\Event), 'AFTER')
  #4 /Users/sheffie/Desktop/dokuwiki/inc/Extension/Event.php(136): dokuwiki\Extension\Event->advise_after()
  #5 /Users/sheffie/Desktop/dokuwiki/inc/Extension/Event.php(199): dokuwiki\Extension\Event->trigger('html_secedit_ge...', true)
  #6 /Users/sheffie/Desktop/dokuwiki/inc/html.php(116): dokuwiki\Extension\Event::createAndTrigger('HTML_SECEDIT_BU...', Array, 'html_secedit_ge...')
  #7 [internal function]: html_secedit_button(Array)
  #8 /Users/sheffie/Desktop/dokuwiki/inc/html.php(93): preg_replace_callback('#<!-- EDIT({.*?...', 'html_secedit_bu...', '\n<h1 class="sec...')
  #9 /Users/sheffie/Desktop/dokuwiki/inc/Ui/PageView.php(69): html_secedit('\n<h1 class="sec...', true)
  #10 /Users/sheffie/Desktop/dokuwiki/inc/Action/Show.php(37): dokuwiki\Ui\PageView->show()
  #11 /Users/sheffie/Desktop/dokuwiki/inc/template.php(100): dokuwiki\Action\Show->tplContent()
  #12 [internal function]: tpl_content_core('show')
  #13 /Users/sheffie/Desktop/dokuwiki/inc/Extension/Event.php(133): call_user_func_array('tpl_content_cor...', Array)
  #14 /Users/sheffie/Desktop/dokuwiki/inc/Extension/Event.php(199): dokuwiki\Extension\Event->trigger('tpl_content_cor...', true)
  #15 /Users/sheffie/Desktop/dokuwiki/inc/template.php(85): dokuwiki\Extension\Event::createAndTrigger('TPL_ACT_RENDER', 'show', 'tpl_content_cor...')
  #16 /Users/sheffie/Desktop/dokuwiki/lib/tpl/dokuwiki/main.php(59): tpl_content()
  #17 /Users/sheffie/Desktop/dokuwiki/inc/actions.php(27): include('/Users/sheffie/...')
  #18 /Users/sheffie/Desktop/dokuwiki/doku.php(126): act_dispatch()
  #19 {main}
2023-05-26 16:23:38	/Users/sheffie/Desktop/dokuwiki/lib/plugins/tagsections/action/editbutton.php(55)	E_WARNING: Undefined variable $inited
  #0 /Users/sheffie/Desktop/dokuwiki/lib/plugins/tagsections/action/editbutton.php(55): dokuwiki\ErrorHandler::errorHandler(2, 'Undefined varia...', '/Users/sheffie/...', 55)
  #1 /Users/sheffie/Desktop/dokuwiki/lib/plugins/tagsections/action/editbutton.php(38): action_plugin_tagsections_editbutton->init()
  #2 /Users/sheffie/Desktop/dokuwiki/inc/Extension/EventHandler.php(80): action_plugin_tagsections_editbutton->handle_html_secedit_button(Object(dokuwiki\Extension\Event), NULL)
  #3 /Users/sheffie/Desktop/dokuwiki/inc/Extension/Event.php(96): dokuwiki\Extension\EventHandler->process_event(Object(dokuwiki\Extension\Event), 'AFTER')
  #4 /Users/sheffie/Desktop/dokuwiki/inc/Extension/Event.php(136): dokuwiki\Extension\Event->advise_after()
  #5 /Users/sheffie/Desktop/dokuwiki/inc/Extension/Event.php(199): dokuwiki\Extension\Event->trigger('html_secedit_ge...', true)
  #6 /Users/sheffie/Desktop/dokuwiki/inc/html.php(116): dokuwiki\Extension\Event::createAndTrigger('HTML_SECEDIT_BU...', Array, 'html_secedit_ge...')
  #7 [internal function]: html_secedit_button(Array)
  #8 /Users/sheffie/Desktop/dokuwiki/inc/html.php(93): preg_replace_callback('#<!-- EDIT({.*?...', 'html_secedit_bu...', '\n<h1 class="sec...')
  #9 /Users/sheffie/Desktop/dokuwiki/inc/Ui/PageView.php(69): html_secedit('\n<h1 class="sec...', true)
  #10 /Users/sheffie/Desktop/dokuwiki/inc/Action/Show.php(37): dokuwiki\Ui\PageView->show()
  #11 /Users/sheffie/Desktop/dokuwiki/inc/template.php(100): dokuwiki\Action\Show->tplContent()
  #12 [internal function]: tpl_content_core('show')
  #13 /Users/sheffie/Desktop/dokuwiki/inc/Extension/Event.php(133): call_user_func_array('tpl_content_cor...', Array)
  #14 /Users/sheffie/Desktop/dokuwiki/inc/Extension/Event.php(199): dokuwiki\Extension\Event->trigger('tpl_content_cor...', true)
  #15 /Users/sheffie/Desktop/dokuwiki/inc/template.php(85): dokuwiki\Extension\Event::createAndTrigger('TPL_ACT_RENDER', 'show', 'tpl_content_cor...')
  #16 /Users/sheffie/Desktop/dokuwiki/lib/tpl/dokuwiki/main.php(59): tpl_content()
  #17 /Users/sheffie/Desktop/dokuwiki/inc/actions.php(27): include('/Users/sheffie/...')
  #18 /Users/sheffie/Desktop/dokuwiki/doku.php(126): act_dispatch()
  #19 {main}
